22:05:18,753 tweepy.binder DEBUG PARAMS: {'screen_name': b'juvenile_crone'}
22:05:18,753 requests_oauthlib.oauth1_auth DEBUG Signing request <PreparedRequest [GET]> using client <Client client_key=uWx30quKMGcaAtKzbrDwDg22G, client_secret=****, resource_owner_key=1373862256442679296-gwTQhNyM25A2yOb3tOY3Lh3pJWQ5iz, resource_owner_secret=****, signature_method=HMAC-SHA1, signature_type=AUTH_HEADER, callback_uri=None, rsa_key=None, verifier=None, realm=None, encoding=utf-8, decoding=None, nonce=None, timestamp=None>
22:05:18,753 requests_oauthlib.oauth1_auth DEBUG Including body in call to sign: False
22:05:18,754 oauthlib.oauth1.rfc5849 DEBUG Collected params: [('screen_name', 'juvenile_crone'), ('oauth_nonce', '120769468343759192901616430918'), ('oauth_timestamp', '1616430918'), ('oauth_version', '1.0'), ('oauth_signature_method', 'HMAC-SHA1'), ('oauth_consumer_key', 'uWx30quKMGcaAtKzbrDwDg22G'), ('oauth_token', '1373862256442679296-gwTQhNyM25A2yOb3tOY3Lh3pJWQ5iz')]
22:05:18,754 oauthlib.oauth1.rfc5849 DEBUG Normalized params: oauth_consumer_key=uWx30quKMGcaAtKzbrDwDg22G&oauth_nonce=120769468343759192901616430918&oauth_signature_method=HMAC-SHA1&oauth_timestamp=1616430918&oauth_token=1373862256442679296-gwTQhNyM25A2yOb3tOY3Lh3pJWQ5iz&oauth_version=1.0&screen_name=juvenile_crone
22:05:18,754 oauthlib.oauth1.rfc5849 DEBUG Normalized URI: https://api.twitter.com/1.1/users/show.json
22:05:18,754 oauthlib.oauth1.rfc5849 DEBUG Signing: signature base string: GET&https%3A%2F%2Fapi.twitter.com%2F1.1%2Fusers%2Fshow.json&oauth_consumer_key%3DuWx30quKMGcaAtKzbrDwDg22G%26oauth_nonce%3D120769468343759192901616430918%26oauth_signature_method%3DHMAC-SHA1%26oauth_timestamp%3D1616430918%26oauth_token%3D1373862256442679296-gwTQhNyM25A2yOb3tOY3Lh3pJWQ5iz%26oauth_version%3D1.0%26screen_name%3Djuvenile_crone
22:05:18,754 oauthlib.oauth1.rfc5849 DEBUG Signature: 15vz56AYgNTg5PZhMpKWJjGxzoQ=
22:05:18,754 requests_oauthlib.oauth1_auth DEBUG Updated url: https://api.twitter.com/1.1/users/show.json?screen_name=juvenile_crone
22:05:18,754 requests_oauthlib.oauth1_auth DEBUG Updated headers: {'Host': 'api.twitter.com', 'Authorization': 'OAuth oauth_nonce="120769468343759192901616430918", oauth_timestamp="1616430918", oauth_version="1.0", oauth_signature_method="HMAC-SHA1", oauth_consumer_key="uWx30quKMGcaAtKzbrDwDg22G", oauth_token="1373862256442679296-gwTQhNyM25A2yOb3tOY3Lh3pJWQ5iz", oauth_signature="15vz56AYgNTg5PZhMpKWJjGxzoQ%3D"'}
22:05:18,754 requests_oauthlib.oauth1_auth DEBUG Updated body: None
22:05:18,771 urllib3.connectionpool DEBUG Starting new HTTPS connection (1): api.twitter.com:443
22:05:19,216 urllib3.connectionpool DEBUG https://api.twitter.com:443 "GET /1.1/users/show.json?screen_name=juvenile_crone HTTP/1.1" 200 2530
22:05:19,221 tweepy.binder DEBUG PARAMS: {'user_id': b'1092024289', 'screen_name': b'juvenile_crone', 'exclude_replies': b'False', 'include_rts': b'False', 'count': b'100'}
22:05:19,221 requests_oauthlib.oauth1_auth DEBUG Signing request <PreparedRequest [GET]> using client <Client client_key=uWx30quKMGcaAtKzbrDwDg22G, client_secret=****, resource_owner_key=1373862256442679296-gwTQhNyM25A2yOb3tOY3Lh3pJWQ5iz, resource_owner_secret=****, signature_method=HMAC-SHA1, signature_type=AUTH_HEADER, callback_uri=None, rsa_key=None, verifier=None, realm=None, encoding=utf-8, decoding=None, nonce=None, timestamp=None>
22:05:19,221 requests_oauthlib.oauth1_auth DEBUG Including body in call to sign: False
22:05:19,222 oauthlib.oauth1.rfc5849 DEBUG Collected params: [('user_id', '1092024289'), ('screen_name', 'juvenile_crone'), ('exclude_replies', 'False'), ('include_rts', 'False'), ('count', '100'), ('oauth_nonce', '92414422545470267631616430919'), ('oauth_timestamp', '1616430919'), ('oauth_version', '1.0'), ('oauth_signature_method', 'HMAC-SHA1'), ('oauth_consumer_key', 'uWx30quKMGcaAtKzbrDwDg22G'), ('oauth_token', '1373862256442679296-gwTQhNyM25A2yOb3tOY3Lh3pJWQ5iz')]
22:05:19,222 oauthlib.oauth1.rfc5849 DEBUG Normalized params: count=100&exclude_replies=False&include_rts=False&oauth_consumer_key=uWx30quKMGcaAtKzbrDwDg22G&oauth_nonce=92414422545470267631616430919&oauth_signature_method=HMAC-SHA1&oauth_timestamp=1616430919&oauth_token=1373862256442679296-gwTQhNyM25A2yOb3tOY3Lh3pJWQ5iz&oauth_version=1.0&screen_name=juvenile_crone&user_id=1092024289
22:05:19,222 oauthlib.oauth1.rfc5849 DEBUG Normalized URI: https://api.twitter.com/1.1/statuses/user_timeline.json
22:05:19,222 oauthlib.oauth1.rfc5849 DEBUG Signing: signature base string: GET&https%3A%2F%2Fapi.twitter.com%2F1.1%2Fstatuses%2Fuser_timeline.json&count%3D100%26exclude_replies%3DFalse%26include_rts%3DFalse%26oauth_consumer_key%3DuWx30quKMGcaAtKzbrDwDg22G%26oauth_nonce%3D92414422545470267631616430919%26oauth_signature_method%3DHMAC-SHA1%26oauth_timestamp%3D1616430919%26oauth_token%3D1373862256442679296-gwTQhNyM25A2yOb3tOY3Lh3pJWQ5iz%26oauth_version%3D1.0%26screen_name%3Djuvenile_crone%26user_id%3D1092024289
22:05:19,222 oauthlib.oauth1.rfc5849 DEBUG Signature: hC3b+TYfsZ95+u4+lwsw2Us0yLU=
22:05:19,222 requests_oauthlib.oauth1_auth DEBUG Updated url: https://api.twitter.com/1.1/statuses/user_timeline.json?user_id=1092024289&screen_name=juvenile_crone&exclude_replies=False&include_rts=False&count=100
22:05:19,222 requests_oauthlib.oauth1_auth DEBUG Updated headers: {'Host': 'api.twitter.com', 'Authorization': 'OAuth oauth_nonce="92414422545470267631616430919", oauth_timestamp="1616430919", oauth_version="1.0", oauth_signature_method="HMAC-SHA1", oauth_consumer_key="uWx30quKMGcaAtKzbrDwDg22G", oauth_token="1373862256442679296-gwTQhNyM25A2yOb3tOY3Lh3pJWQ5iz", oauth_signature="hC3b%2BTYfsZ95%2Bu4%2Blwsw2Us0yLU%3D"'}
22:05:19,222 requests_oauthlib.oauth1_auth DEBUG Updated body: None
22:05:19,224 urllib3.connectionpool DEBUG Starting new HTTPS connection (1): api.twitter.com:443
22:05:19,717 urllib3.connectionpool DEBUG https://api.twitter.com:443 "GET /1.1/statuses/user_timeline.json?user_id=1092024289&screen_name=juvenile_crone&exclude_replies=False&include_rts=False&count=100 HTTP/1.1" 200 262459
22:12:03,47 root INFO Retweeted tweet with ID: 1373287202197737472
22:12:03,541 root INFO Retweeted tweet with ID: 1373287460764008450
22:12:04,37 root INFO Retweeted tweet with ID: 1373292756362096641
22:12:04,536 root INFO Retweeted tweet with ID: 1373294584239775757
22:12:05,37 root INFO Retweeted tweet with ID: 1373295496245112832
22:12:05,507 root INFO Liked tweet with ID: 1373295768992239617
22:12:06,2 root INFO Retweeted tweet with ID: 1373295768992239617
22:12:06,477 root INFO Liked tweet with ID: 1373295985716195330
22:12:06,965 root INFO Retweeted tweet with ID: 1373295985716195330
22:12:07,545 root INFO Retweeted tweet with ID: 1373300966485753856
22:12:08,51 root INFO Retweeted tweet with ID: 1373354203649769474
22:12:08,622 root INFO Liked tweet with ID: 1373354208125063170
22:12:09,115 root INFO Retweeted tweet with ID: 1373354208125063170
22:12:09,611 root INFO Retweeted tweet with ID: 1373370574743818245
22:12:10,87 root INFO Liked tweet with ID: 1373413015266062338
22:12:10,678 root INFO Retweeted tweet with ID: 1373413015266062338
22:12:11,167 root INFO Retweeted tweet with ID: 1373424806691934209
22:12:11,658 root INFO Retweeted tweet with ID: 1373562975412310020
22:12:12,178 root INFO Retweeted tweet with ID: 1373563704302661638
22:12:12,660 root INFO Liked tweet with ID: 1373563825534824454
22:12:13,161 root INFO Retweeted tweet with ID: 1373563825534824454
22:12:13,678 root INFO Retweeted tweet with ID: 1373570584341311488
22:12:14,164 root INFO Retweeted tweet with ID: 1373599362899582976
22:12:14,642 root INFO Liked tweet with ID: 1373635739657793539
22:12:16,11 root INFO Retweeted tweet with ID: 1373635739657793539
22:12:16,505 root INFO Retweeted tweet with ID: 1373636650471845894
22:12:17,12 root INFO Retweeted tweet with ID: 1373644686779289603
22:12:17,501 root INFO Liked tweet with ID: 1373644850336133123
22:12:17,997 root INFO Retweeted tweet with ID: 1373644850336133123
22:12:18,512 root INFO Liked tweet with ID: 1373715058350452737
22:12:19,13 root INFO Retweeted tweet with ID: 1373715058350452737
22:12:19,509 root INFO Retweeted tweet with ID: 1373720378288205824
22:12:19,986 root INFO Liked tweet with ID: 1373721049410404355
22:12:20,600 root INFO Retweeted tweet with ID: 1373721049410404355
22:12:21,83 root INFO Retweeted tweet with ID: 1373858957710651395
22:12:21,578 root INFO Retweeted tweet with ID: 1373901923414208512
22:12:22,81 root INFO Retweeted tweet with ID: 1373909117555912705
22:12:22,579 root INFO Retweeted tweet with ID: 1373984986689269761
22:12:23,58 root INFO Retweeted tweet with ID: 1373987022117871618
22:12:23,558 root INFO Retweeted tweet with ID: 1373987422367715334
22:12:24,68 root INFO Retweeted tweet with ID: 1373989312497262599
22:16:26,100 root INFO Liked tweet with ID: 1374039610104324100
22:16:26,578 root INFO Retweeted tweet with ID: 1374039610104324100
22:19:09,170 root INFO Liked tweet with ID: 1374040343054675970
22:19:09,638 root INFO Retweeted tweet with ID: 1374040343054675970
12:43:19,322 root INFO Liked tweet with ID: 1394546517524942850
12:43:19,960 root INFO Retweeted tweet with ID: 1394546517524942850
12:47:27,663 root INFO Liked tweet with ID: 1394552584975765508
12:47:28,181 root INFO Retweeted tweet with ID: 1394552584975765508
12:51:11,611 root INFO Liked tweet with ID: 1394553249651257347
12:51:12,122 root INFO Retweeted tweet with ID: 1394553249651257347
12:51:12,596 root INFO Liked tweet with ID: 1394552530495938560
12:51:13,86 root INFO Retweeted tweet with ID: 1394552530495938560
12:51:13,577 root INFO Liked tweet with ID: 1394552363877212160
12:51:14,76 root INFO Retweeted tweet with ID: 1394552363877212160
12:51:14,571 root INFO Liked tweet with ID: 1394546314239561728
12:51:15,69 root INFO Retweeted tweet with ID: 1394546314239561728
12:51:15,541 root INFO Liked tweet with ID: 1394544562924756992
12:51:16,25 root INFO Retweeted tweet with ID: 1394544562924756992
12:51:16,505 root INFO Liked tweet with ID: 1394542993105833985
12:51:17,47 root INFO Retweeted tweet with ID: 1394542993105833985
12:51:17,533 root INFO Liked tweet with ID: 1394542949225013253
12:51:18,47 root INFO Retweeted tweet with ID: 1394542949225013253
12:51:18,643 root INFO Liked tweet with ID: 1394542518046318594
12:51:19,118 root INFO Retweeted tweet with ID: 1394542518046318594
12:51:19,700 root INFO Liked tweet with ID: 1394520613084012545
12:51:20,201 root INFO Retweeted tweet with ID: 1394520613084012545
12:51:20,804 root INFO Liked tweet with ID: 1394520181301420034
12:51:21,640 root INFO Retweeted tweet with ID: 1394520181301420034
12:51:22,261 root INFO Liked tweet with ID: 1394519424518946816
12:51:22,856 root INFO Retweeted tweet with ID: 1394519424518946816
12:51:23,345 root INFO Liked tweet with ID: 1394512953689329667
12:51:23,863 root INFO Retweeted tweet with ID: 1394512953689329667
12:51:24,405 root INFO Liked tweet with ID: 1394512683131555841
12:51:24,938 root INFO Retweeted tweet with ID: 1394512683131555841
12:51:25,431 root INFO Liked tweet with ID: 1394510793945665537
12:51:25,926 root INFO Retweeted tweet with ID: 1394510793945665537
12:51:26,406 root INFO Liked tweet with ID: 1394510643743531011
12:51:26,968 root INFO Retweeted tweet with ID: 1394510643743531011
12:51:27,564 root INFO Liked tweet with ID: 1394510492631142402
12:51:28,201 root INFO Retweeted tweet with ID: 1394510492631142402
12:51:28,813 root INFO Liked tweet with ID: 1394510216197070848
12:51:29,319 root INFO Retweeted tweet with ID: 1394510216197070848
12:51:29,856 root INFO Liked tweet with ID: 1394508770504478724
12:51:30,365 root INFO Retweeted tweet with ID: 1394508770504478724
12:51:30,851 root INFO Liked tweet with ID: 1394372214951055363
12:51:31,311 root INFO Retweeted tweet with ID: 1394372214951055363
12:51:31,833 root INFO Liked tweet with ID: 1394370987437674499
12:51:32,323 root INFO Retweeted tweet with ID: 1394370987437674499
12:51:32,805 root INFO Liked tweet with ID: 1394370888695357442
12:51:33,286 root INFO Retweeted tweet with ID: 1394370888695357442
12:51:33,755 root INFO Liked tweet with ID: 1394370837973651460
12:51:34,237 root INFO Retweeted tweet with ID: 1394370837973651460
12:51:34,718 root INFO Liked tweet with ID: 1394370765982638080
12:51:35,222 root INFO Retweeted tweet with ID: 1394370765982638080
12:51:35,708 root INFO Liked tweet with ID: 1394370710068371456
12:51:36,204 root INFO Retweeted tweet with ID: 1394370710068371456
12:51:36,704 root INFO Liked tweet with ID: 1394370663029248002
12:51:37,185 root INFO Retweeted tweet with ID: 1394370663029248002
12:51:37,666 root INFO Liked tweet with ID: 1394370622470254592
12:51:38,161 root INFO Retweeted tweet with ID: 1394370622470254592
12:51:38,637 root INFO Liked tweet with ID: 1394370578211999744
12:51:39,127 root INFO Retweeted tweet with ID: 1394370578211999744
12:51:39,614 root INFO Liked tweet with ID: 1394370530468196355
12:51:40,105 root INFO Retweeted tweet with ID: 1394370530468196355
12:51:40,583 root INFO Liked tweet with ID: 1394370457780985856
12:51:41,96 root INFO Retweeted tweet with ID: 1394370457780985856
12:51:42,32 root INFO Liked tweet with ID: 1394369679381045250
12:51:42,639 root INFO Retweeted tweet with ID: 1394369679381045250
12:51:43,185 root INFO Liked tweet with ID: 1394335304912277507
12:51:43,683 root INFO Retweeted tweet with ID: 1394335304912277507
12:51:44,157 root INFO Liked tweet with ID: 1394331583474139139
12:51:44,648 root INFO Retweeted tweet with ID: 1394331583474139139
12:51:45,155 root INFO Liked tweet with ID: 1394327925332213760
12:51:45,656 root INFO Retweeted tweet with ID: 1394327925332213760
12:51:46,155 root INFO Liked tweet with ID: 1394327142360485889
12:51:46,637 root INFO Retweeted tweet with ID: 1394327142360485889
12:51:47,122 root INFO Liked tweet with ID: 1394324674582966273
12:51:47,616 root INFO Retweeted tweet with ID: 1394324674582966273
12:51:48,106 root INFO Liked tweet with ID: 1394321681511067657
12:51:48,611 root INFO Retweeted tweet with ID: 1394321681511067657
12:51:49,95 root INFO Liked tweet with ID: 1394320610528874496
12:51:49,604 root INFO Retweeted tweet with ID: 1394320610528874496
12:51:50,103 root INFO Liked tweet with ID: 1394311862368423942
12:51:50,594 root INFO Retweeted tweet with ID: 1394311862368423942
12:51:51,78 root INFO Liked tweet with ID: 1394310797065527301
12:51:51,572 root INFO Retweeted tweet with ID: 1394310797065527301
12:51:52,70 root INFO Liked tweet with ID: 1394304463842598912
12:51:52,595 root INFO Retweeted tweet with ID: 1394304463842598912
12:51:53,179 root INFO Liked tweet with ID: 1394295801468182531
12:51:53,797 root INFO Retweeted tweet with ID: 1394295801468182531
12:51:54,413 root INFO Liked tweet with ID: 1394295193281568770
12:51:54,987 root INFO Retweeted tweet with ID: 1394295193281568770
00:30:31,175 filelock INFO Lock 140310922610704 acquired on /Users/dhruvlaad/.cache/huggingface/transformers/684fe667923972fb57f6b4dcb61a3c92763ad89882f3da5da9866baf14f2d60f.c7ed1f96aac49e745788faa77ba0a26a392643a50bb388b9c04ff469e555241f.lock
00:30:41,630 filelock INFO Lock 140310922610704 released on /Users/dhruvlaad/.cache/huggingface/transformers/684fe667923972fb57f6b4dcb61a3c92763ad89882f3da5da9866baf14f2d60f.c7ed1f96aac49e745788faa77ba0a26a392643a50bb388b9c04ff469e555241f.lock
00:30:42,426 filelock INFO Lock 140310922741712 acquired on /Users/dhruvlaad/.cache/huggingface/transformers/c0c761a63004025aeadd530c4c27b860ec4ecbe8a00531233de21d865a402598.5d12962c5ee615a4c803841266e9c3be9a691a924f72d395d3a6c6c81157788b.lock
00:30:45,841 filelock INFO Lock 140310922741712 released on /Users/dhruvlaad/.cache/huggingface/transformers/c0c761a63004025aeadd530c4c27b860ec4ecbe8a00531233de21d865a402598.5d12962c5ee615a4c803841266e9c3be9a691a924f72d395d3a6c6c81157788b.lock
00:30:48,954 filelock INFO Lock 140310923456464 acquired on /Users/dhruvlaad/.cache/huggingface/transformers/16a2f78023c8dc511294f0c97b5e10fde3ef9889ad6d11ffaa2a00714e73926e.cf2d0ecb83b6df91b3dbb53f1d1e4c311578bfd3aa0e04934215a49bf9898df0.lock
00:31:01,554 filelock INFO Lock 140310923456464 released on /Users/dhruvlaad/.cache/huggingface/transformers/16a2f78023c8dc511294f0c97b5e10fde3ef9889ad6d11ffaa2a00714e73926e.cf2d0ecb83b6df91b3dbb53f1d1e4c311578bfd3aa0e04934215a49bf9898df0.lock
00:31:02,439 filelock INFO Lock 140310938803024 acquired on /Users/dhruvlaad/.cache/huggingface/transformers/fc674cd6907b4c9e933cb42d67662436b89fa9540a1f40d7c919d0109289ad01.7d2e0efa5ca20cef4fb199382111e9d3ad96fd77b849e1d4bed13a66e1336f51.lock
00:31:03,222 filelock INFO Lock 140310938803024 released on /Users/dhruvlaad/.cache/huggingface/transformers/fc674cd6907b4c9e933cb42d67662436b89fa9540a1f40d7c919d0109289ad01.7d2e0efa5ca20cef4fb199382111e9d3ad96fd77b849e1d4bed13a66e1336f51.lock
00:31:04,605 filelock INFO Lock 140310938803024 acquired on /Users/dhruvlaad/.cache/huggingface/transformers/752929ace039baa8ef70fe21cdf9ab9445773d20e733cf693d667982e210837e.323c769945a351daa25546176f8208b3004b6f563438a7603e7932bae9025925.lock
00:34:06,447 filelock INFO Lock 140310938803024 released on /Users/dhruvlaad/.cache/huggingface/transformers/752929ace039baa8ef70fe21cdf9ab9445773d20e733cf693d667982e210837e.323c769945a351daa25546176f8208b3004b6f563438a7603e7932bae9025925.lock
